#
# A fatal error has been detected by the Java Runtime Environment:
#
#  SIGSEGV (0xb) at pc=0xb4eb653e, pid=6032, tid=3079474032
#
# JRE version: 6.0_22-b22
# Java VM: OpenJDK Server VM (20.0-b11 mixed mode linux-x86 )
# Derivative: IcedTea6 1.10.1
# Distribution: Ubuntu Natty (development branch), package 6b22-1.10.1-0ubuntu1
# Problematic frame:
# J  com.google.gwt.dev.jjs.impl.ControlFlowAnalyzer$RescueVisitor.visit(Lcom/google/gwt/dev/jjs/ast/JMethodCall;Lcom/google/gwt/dev/jjs/ast/Context;)Z
#
# If you would like to submit a bug report, please include
# instructions how to reproduce the bug and visit:
#   https://bugs.launchpad.net/ubuntu/+source/openjdk-6/
#

---------------  T H R E A D  ---------------

Current thread (0x09272400):  JavaThread "main" [_thread_in_Java, id=6035, stack(0xb7880000,0xb78d1000)]

siginfo:si_signo=SIGSEGV: si_errno=0, si_code=128 (), si_addr=0x00000000

Registers:
EAX=0x0012b58e, EBX=0xb2ce9488, ECX=0xb2ce9120, EDX=0x012b58e3
ESP=0xb78c8020, EBP=0xb1b32610, ESI=0xb2ce9388, EDI=0x00000000
EIP=0xb4eb653e, EFLAGS=0x00210282, CR2=0xb78e7000

Top of Stack: (sp=0xb78c8020)
0xb78c8020:   ab47bae0 00000000 ab4e3060 b2d92a50
0xb78c8030:   b2ce9388 013bbbdc 000003dc b4e6922c
0xb78c8040:   b3395ff8 b2ce9488 b3326f88 b78c804c
0xb78c8050:   a205e922 b78c808c 00000000 b4ca70ac
0xb78c8060:   00000000 00000000 a92af650 b4ca74a8
0xb78c8070:   b4e8e7d8 b3326f78 b3326d60 b4e9ab58
0xb78c8080:   b2ce9488 b2ce9488 b3326f38 b4e8e894
0xb78c8090:   b3395ff8 b2ce9488 b78c80b0 b22a8600 

Instructions: (pc=0xb4eb653e)
0xb4eb651e:   ef 09 c6 87 00 b2 a1 a0 00 89 51 18 8b e9 c1 ed
0xb4eb652e:   09 c6 85 00 b2 a1 a0 00 8b 4b 0c 8b 69 08 85 ed
0xb4eb653e:   0f 85 d1 2b 00 00 89 5c 24 0c b9 e4 03 00 00 8b
0xb4eb654e:   a9 08 62 01 a2 8b 4c 24 08 8b d3 89 2c 24 66 90 

Register to memory mapping:

EAX=0x0012b58e: <offset 0x1b58e> in /usr/lib/i386-linux-gnu/libstdc++.so.6 at 0x00110000
EBX=0xb2ce9488 is an oop
com.google.gwt.dev.jjs.impl.ControlFlowAnalyzer$RescueVisitor 
 - klass: 'com/google/gwt/dev/jjs/impl/ControlFlowAnalyzer$RescueVisitor'
ECX=0xb2ce9120 is an oop
com.google.gwt.dev.jjs.impl.ControlFlowAnalyzer 
 - klass: 'com/google/gwt/dev/jjs/impl/ControlFlowAnalyzer'
EDX=0x012b58e3: <offset 0x4858e3> in /usr/lib/jvm/java-6-openjdk/jre/lib/i386/server/libjvm.so at 0x00e30000
ESP=0xb78c8020 is pointing into the stack for thread: 0x09272400
EBP=0xb1b32610 is an oop
com.google.gwt.dev.jjs.impl.CodeSplitter$1 
 - klass: 'com/google/gwt/dev/jjs/impl/CodeSplitter$1'
ESI=0xb2ce9388 is an oop
java.util.HashMap 
 - klass: 'java/util/HashMap'
EDI=0x00000000 is an unknown value


Stack: [0xb7880000,0xb78d1000],  sp=0xb78c8020,  free space=288k
Native frames: (J=compiled Java code, j=interpreted, Vv=VM code, C=native code)
J  com.google.gwt.dev.jjs.impl.ControlFlowAnalyzer$RescueVisitor.visit(Lcom/google/gwt/dev/jjs/ast/JMethodCall;Lcom/google/gwt/dev/jjs/ast/Context;)Z


---------------  P R O C E S S  ---------------

Java Threads: ( => current thread )
  0x0a063c00 JavaThread "Java2D Disposer" daemon [_thread_blocked, id=6051, stack(0xa0201000,0xa0252000)]
  0x0946ac00 JavaThread "com.google.gwt.thirdparty.guava.common.base.internal.Finalizer" daemon [_thread_blocked, id=6049, stack(0xa025e000,0xa02af000)]
  0x09363800 JavaThread "Timer-0" daemon [_thread_blocked, id=6048, stack(0xa02af000,0xa0300000)]
  0x09315c00 JavaThread "Low Memory Detector" daemon [_thread_blocked, id=6045, stack(0xa0719000,0xa076a000)]
  0x09312800 JavaThread "C2 CompilerThread1" daemon [_thread_in_native, id=6044, stack(0xa076a000,0xa07eb000)]
  0x09310800 JavaThread "C2 CompilerThread0" daemon [_thread_in_native, id=6043, stack(0xa07eb000,0xa086c000)]
  0x0930f000 JavaThread "Signal Dispatcher" daemon [_thread_blocked, id=6042, stack(0xa086c000,0xa08bd000)]
  0x092ff800 JavaThread "Finalizer" daemon [_thread_blocked, id=6041, stack(0xa0abd000,0xa0b0e000)]
  0x092fac00 JavaThread "Reference Handler" daemon [_thread_blocked, id=6040, stack(0xa0b0e000,0xa0b5f000)]
=>0x09272400 JavaThread "main" [_thread_in_Java, id=6035, stack(0xb7880000,0xb78d1000)]

Other Threads:
  0x092f7000 VMThread [stack: 0xa0b5f000,0xa0be0000] [id=6039]
  0x09317800 WatcherThread [stack: 0xa0698000,0xa0719000] [id=6046]

VM state:not at safepoint (normal execution)

VM Mutex/Monitor currently owned by a thread: None

Heap
 PSYoungGen      total 48256K, used 42650K [0xb0a70000, 0xb4770000, 0xb47c0000)
  eden space 36352K, 100% used [0xb0a70000,0xb2df0000,0xb2df0000)
  from space 11904K, 52% used [0xb2df0000,0xb3416850,0xb3990000)
  to   space 11968K, 0% used [0xb3bc0000,0xb3bc0000,0xb4770000)
 PSOldGen        total 76224K, used 45007K [0xa8fc0000, 0xada30000, 0xb0a70000)
  object space 76224K, 59% used [0xa8fc0000,0xabbb3d00,0xada30000)
 PSPermGen       total 27392K, used 17113K [0xa0fc0000, 0xa2a80000, 0xa8fc0000)
  object space 27392K, 62% used [0xa0fc0000,0xa2076420,0xa2a80000)

Code Cache  [0xb4880000, 0xb4ed0000, 0xb7880000)
 total_blobs=1777 nmethods=1600 adapters=129 free_code_cache=43788032 largest_free_block=27904

Dynamic libraries:
00110000-001ef000 r-xp 00000000 08:01 10354736   /usr/lib/i386-linux-gnu/libstdc++.so.6.0.14
001ef000-001f3000 r--p 000de000 08:01 10354736   /usr/lib/i386-linux-gnu/libstdc++.so.6.0.14
001f3000-001f4000 rw-p 000e2000 08:01 10354736   /usr/lib/i386-linux-gnu/libstdc++.so.6.0.14
001f4000-001fb000 rw-p 00000000 00:00 0 
001fb000-0021f000 r-xp 00000000 08:01 7878032    /lib/i386-linux-gnu/libm-2.13.so
0021f000-00220000 r--p 00023000 08:01 7878032    /lib/i386-linux-gnu/libm-2.13.so
00220000-00221000 rw-p 00024000 08:01 7878032    /lib/i386-linux-gnu/libm-2.13.so
00221000-00227000 r-xp 00000000 08:01 7878023    /lib/i386-linux-gnu/libnss_compat-2.13.so
00227000-00228000 r--p 00005000 08:01 7878023    /lib/i386-linux-gnu/libnss_compat-2.13.so
00228000-00229000 rw-p 00006000 08:01 7878023    /lib/i386-linux-gnu/libnss_compat-2.13.so
00229000-00232000 r-xp 00000000 08:01 7878022    /lib/i386-linux-gnu/libnss_nis-2.13.so
00232000-00233000 r--p 00008000 08:01 7878022    /lib/i386-linux-gnu/libnss_nis-2.13.so
00233000-00234000 rw-p 00009000 08:01 7878022    /lib/i386-linux-gnu/libnss_nis-2.13.so
00234000-0023a000 r-xp 00000000 08:01 10354987   /usr/lib/jvm/java-6-openjdk/jre/lib/i386/libzip.so
0023a000-0023b000 r--p 00005000 08:01 10354987   /usr/lib/jvm/java-6-openjdk/jre/lib/i386/libzip.so
0023b000-0023c000 rw-p 00006000 08:01 10354987   /usr/lib/jvm/java-6-openjdk/jre/lib/i386/libzip.so
0023c000-00268000 r-xp 00000000 08:01 10354977   /usr/lib/jvm/java-6-openjdk/jre/lib/i386/liblcms.so
00268000-00269000 r--p 0002b000 08:01 10354977   /usr/lib/jvm/java-6-openjdk/jre/lib/i386/liblcms.so
00269000-0026a000 rw-p 0002c000 08:01 10354977   /usr/lib/jvm/java-6-openjdk/jre/lib/i386/liblcms.so
0026a000-0026c000 rw-p 00000000 00:00 0 
0026c000-00275000 r-xp 00000000 08:01 10354974   /usr/lib/jvm/java-6-openjdk/jre/lib/i386/libjpeg.so
00275000-00276000 r--p 00008000 08:01 10354974   /usr/lib/jvm/java-6-openjdk/jre/lib/i386/libjpeg.so
00276000-00277000 rw-p 00009000 08:01 10354974   /usr/lib/jvm/java-6-openjdk/jre/lib/i386/libjpeg.so
002a6000-002c2000 r-xp 00000000 08:01 7878033    /lib/i386-linux-gnu/ld-2.13.so
002c2000-002c3000 r--p 0001b000 08:01 7878033    /lib/i386-linux-gnu/ld-2.13.so
002c3000-002c4000 rw-p 0001c000 08:01 7878033    /lib/i386-linux-gnu/ld-2.13.so
002e9000-002fc000 r-xp 00000000 08:01 7876285    /lib/i386-linux-gnu/libnsl-2.13.so
002fc000-002fd000 r--p 00012000 08:01 7876285    /lib/i386-linux-gnu/libnsl-2.13.so
002fd000-002fe000 rw-p 00013000 08:01 7876285    /lib/i386-linux-gnu/libnsl-2.13.so
002fe000-00300000 rw-p 00000000 00:00 0 
00300000-00389000 r-xp 00000000 08:01 10354961   /usr/lib/jvm/java-6-openjdk/jre/lib/i386/libawt.so
00389000-0038a000 r--p 00088000 08:01 10354961   /usr/lib/jvm/java-6-openjdk/jre/lib/i386/libawt.so
0038a000-00391000 rw-p 00089000 08:01 10354961   /usr/lib/jvm/java-6-openjdk/jre/lib/i386/libawt.so
00391000-003b5000 rw-p 00000000 00:00 0 
003f6000-0042e000 r-xp 00000000 08:01 10354963   /usr/lib/jvm/java-6-openjdk/jre/lib/i386/libfontmanager.so
0042e000-0042f000 ---p 00038000 08:01 10354963   /usr/lib/jvm/java-6-openjdk/jre/lib/i386/libfontmanager.so
0042f000-00430000 r--p 00038000 08:01 10354963   /usr/lib/jvm/java-6-openjdk/jre/lib/i386/libfontmanager.so
00430000-00431000 rw-p 00039000 08:01 10354963   /usr/lib/jvm/java-6-openjdk/jre/lib/i386/libfontmanager.so
00431000-004b2000 r-xp 00000000 08:01 10359033   /usr/lib/i386-linux-gnu/libfreetype.so.6.6.2
004b2000-004b6000 r--p 00080000 08:01 10359033   /usr/lib/i386-linux-gnu/libfreetype.so.6.6.2
004b6000-004b7000 rw-p 00084000 08:01 10359033   /usr/lib/i386-linux-gnu/libfreetype.so.6.6.2
00503000-00518000 r-xp 00000000 08:01 7878028    /lib/i386-linux-gnu/libpthread-2.13.so
00518000-00519000 r--p 00015000 08:01 7878028    /lib/i386-linux-gnu/libpthread-2.13.so
00519000-0051a000 rw-p 00016000 08:01 7878028    /lib/i386-linux-gnu/libpthread-2.13.so
0051a000-0051c000 rw-p 00000000 00:00 0 
0056a000-0057d000 r-xp 00000000 08:01 7864328    /lib/i386-linux-gnu/libz.so.1.2.3.4
0057d000-0057e000 r--p 00012000 08:01 7864328    /lib/i386-linux-gnu/libz.so.1.2.3.4
0057e000-0057f000 rw-p 00013000 08:01 7864328    /lib/i386-linux-gnu/libz.so.1.2.3.4
00619000-0061a000 r-xp 00000000 00:00 0          [vdso]
006c2000-006cc000 r-xp 00000000 08:01 7878035    /lib/i386-linux-gnu/libnss_files-2.13.so
006cc000-006cd000 r--p 00009000 08:01 7878035    /lib/i386-linux-gnu/libnss_files-2.13.so
006cd000-006ce000 rw-p 0000a000 08:01 7878035    /lib/i386-linux-gnu/libnss_files-2.13.so
007a1000-007bb000 r-xp 00000000 08:01 7864510    /lib/i386-linux-gnu/libgcc_s.so.1
007bb000-007bc000 r--p 00019000 08:01 7864510    /lib/i386-linux-gnu/libgcc_s.so.1
007bc000-007bd000 rw-p 0001a000 08:01 7864510    /lib/i386-linux-gnu/libgcc_s.so.1
00853000-0085a000 r-xp 00000000 08:01 7876242    /lib/i386-linux-gnu/librt-2.13.so
0085a000-0085b000 r--p 00006000 08:01 7876242    /lib/i386-linux-gnu/librt-2.13.so
0085b000-0085c000 rw-p 00007000 08:01 7876242    /lib/i386-linux-gnu/librt-2.13.so
0096e000-00991000 r-xp 00000000 08:01 10354970   /usr/lib/jvm/java-6-openjdk/jre/lib/i386/libjava.so
00991000-00992000 r--p 00022000 08:01 10354970   /usr/lib/jvm/java-6-openjdk/jre/lib/i386/libjava.so
00992000-00994000 rw-p 00023000 08:01 10354970   /usr/lib/jvm/java-6-openjdk/jre/lib/i386/libjava.so
009a7000-009aa000 r-xp 00000000 08:01 10354958   /usr/lib/jvm/java-6-openjdk/jre/lib/i386/jli/libjli.so
009aa000-009ab000 r--p 00002000 08:01 10354958   /usr/lib/jvm/java-6-openjdk/jre/lib/i386/jli/libjli.so
009ab000-009ac000 rw-p 00003000 08:01 10354958   /usr/lib/jvm/java-6-openjdk/jre/lib/i386/jli/libjli.so
00a1b000-00a1d000 r-xp 00000000 08:01 7878030    /lib/i386-linux-gnu/libdl-2.13.so
00a1d000-00a1e000 r--p 00001000 08:01 7878030    /lib/i386-linux-gnu/libdl-2.13.so
00a1e000-00a1f000 rw-p 00002000 08:01 7878030    /lib/i386-linux-gnu/libdl-2.13.so
00a88000-00a93000 r-xp 00000000 08:01 10354986   /usr/lib/jvm/java-6-openjdk/jre/lib/i386/libverify.so
00a93000-00a94000 ---p 0000b000 08:01 10354986   /usr/lib/jvm/java-6-openjdk/jre/lib/i386/libverify.so
00a94000-00a95000 r--p 0000b000 08:01 10354986   /usr/lib/jvm/java-6-openjdk/jre/lib/i386/libverify.so
00a95000-00a96000 rw-p 0000c000 08:01 10354986   /usr/lib/jvm/java-6-openjdk/jre/lib/i386/libverify.so
00a97000-00a9b000 r-xp 00000000 08:01 10354957   /usr/lib/jvm/java-6-openjdk/jre/lib/i386/headless/libmawt.so
00a9b000-00a9c000 r--p 00003000 08:01 10354957   /usr/lib/jvm/java-6-openjdk/jre/lib/i386/headless/libmawt.so
00a9c000-00a9d000 rw-p 00004000 08:01 10354957   /usr/lib/jvm/java-6-openjdk/jre/lib/i386/headless/libmawt.so
00ccf000-00e29000 r-xp 00000000 08:01 7875362    /lib/i386-linux-gnu/libc-2.13.so
00e29000-00e2a000 ---p 0015a000 08:01 7875362    /lib/i386-linux-gnu/libc-2.13.so
00e2a000-00e2c000 r--p 0015a000 08:01 7875362    /lib/i386-linux-gnu/libc-2.13.so
00e2c000-00e2d000 rw-p 0015c000 08:01 7875362    /lib/i386-linux-gnu/libc-2.13.so
00e2d000-00e30000 rw-p 00000000 00:00 0 
00e30000-014f6000 r-xp 00000000 08:01 10359389   /usr/lib/jvm/java-6-openjdk/jre/lib/i386/server/libjvm.so
014f6000-014f7000 ---p 006c6000 08:01 10359389   /usr/lib/jvm/java-6-openjdk/jre/lib/i386/server/libjvm.so
014f7000-0153c000 r--p 006c6000 08:01 10359389   /usr/lib/jvm/java-6-openjdk/jre/lib/i386/server/libjvm.so
0153c000-0154b000 rw-p 0070b000 08:01 10359389   /usr/lib/jvm/java-6-openjdk/jre/lib/i386/server/libjvm.so
0154b000-01965000 rw-p 00000000 00:00 0 
08048000-08051000 r-xp 00000000 08:01 10362151   /usr/lib/jvm/java-6-openjdk/jre/bin/java
08051000-08052000 r--p 00008000 08:01 10362151   /usr/lib/jvm/java-6-openjdk/jre/bin/java
08052000-08053000 rw-p 00009000 08:01 10362151   /usr/lib/jvm/java-6-openjdk/jre/bin/java
0926b000-0cd22000 rw-p 00000000 00:00 0          [heap]
98800000-988fb000 rw-p 00000000 00:00 0 
988fb000-98900000 ---p 00000000 00:00 0 
98a00000-98afd000 rw-p 00000000 00:00 0 
98afd000-98b00000 ---p 00000000 00:00 0 
98b00000-98bf4000 rw-p 00000000 00:00 0 
98bf4000-98c00000 ---p 00000000 00:00 0 
98c00000-98cfd000 rw-p 00000000 00:00 0 
98cfd000-98d00000 ---p 00000000 00:00 0 
98d00000-98df9000 rw-p 00000000 00:00 0 
98df9000-98e00000 ---p 00000000 00:00 0 
98e00000-98ef0000 rw-p 00000000 00:00 0 
98ef0000-98f00000 ---p 00000000 00:00 0 
98f00000-98ff9000 rw-p 00000000 00:00 0 
98ff9000-99000000 ---p 00000000 00:00 0 
99000000-990f9000 rw-p 00000000 00:00 0 
990f9000-99100000 ---p 00000000 00:00 0 
99100000-991f9000 rw-p 00000000 00:00 0 
991f9000-99200000 ---p 00000000 00:00 0 
99200000-992f9000 rw-p 00000000 00:00 0 
992f9000-99300000 ---p 00000000 00:00 0 
99300000-993f9000 rw-p 00000000 00:00 0 
993f9000-99400000 ---p 00000000 00:00 0 
99400000-994f9000 rw-p 00000000 00:00 0 
994f9000-99500000 ---p 00000000 00:00 0 
99500000-995f9000 rw-p 00000000 00:00 0 
995f9000-99600000 ---p 00000000 00:00 0 
99600000-996f9000 rw-p 00000000 00:00 0 
996f9000-99700000 ---p 00000000 00:00 0 
99700000-997f9000 rw-p 00000000 00:00 0 
997f9000-99800000 ---p 00000000 00:00 0 
99800000-998f9000 rw-p 00000000 00:00 0 
998f9000-99900000 ---p 00000000 00:00 0 
99900000-999f9000 rw-p 00000000 00:00 0 
999f9000-99a00000 ---p 00000000 00:00 0 
99a00000-99af9000 rw-p 00000000 00:00 0 
99af9000-99b00000 ---p 00000000 00:00 0 
99b00000-99bf9000 rw-p 00000000 00:00 0 
99bf9000-99c00000 ---p 00000000 00:00 0 
99c00000-99cf9000 rw-p 00000000 00:00 0 
99cf9000-99d00000 ---p 00000000 00:00 0 
99d00000-99df9000 rw-p 00000000 00:00 0 
99df9000-99e00000 ---p 00000000 00:00 0 
99e00000-99ef9000 rw-p 00000000 00:00 0 
99ef9000-99f00000 ---p 00000000 00:00 0 
99f00000-99ff9000 rw-p 00000000 00:00 0 
99ff9000-9a000000 ---p 00000000 00:00 0 
9a000000-9a0f9000 rw-p 00000000 00:00 0 
9a0f9000-9a100000 ---p 00000000 00:00 0 
9a100000-9a1f9000 rw-p 00000000 00:00 0 
9a1f9000-9a200000 ---p 00000000 00:00 0 
9a200000-9a2f9000 rw-p 00000000 00:00 0 
9a2f9000-9a300000 ---p 00000000 00:00 0 
9a300000-9a3f9000 rw-p 00000000 00:00 0 
9a3f9000-9a400000 ---p 00000000 00:00 0 
9a400000-9a4f9000 rw-p 00000000 00:00 0 
9a4f9000-9a500000 ---p 00000000 00:00 0 
9a500000-9a5f9000 rw-p 00000000 00:00 0 
9a5f9000-9a600000 ---p 00000000 00:00 0 
9a600000-9a6f9000 rw-p 00000000 00:00 0 
9a6f9000-9a700000 ---p 00000000 00:00 0 
9a700000-9a7f9000 rw-p 00000000 00:00 0 
9a7f9000-9a800000 ---p 00000000 00:00 0 
9a800000-9a8f9000 rw-p 00000000 00:00 0 
9a8f9000-9a900000 ---p 00000000 00:00 0 
9a900000-9a9f9000 rw-p 00000000 00:00 0 
9a9f9000-9aa00000 ---p 00000000 00:00 0 
9aa00000-9aaf9000 rw-p 00000000 00:00 0 
9aaf9000-9ab00000 ---p 00000000 00:00 0 
9ab00000-9abf9000 rw-p 00000000 00:00 0 
9abf9000-9ac00000 ---p 00000000 00:00 0 
9ac00000-9acf9000 rw-p 00000000 00:00 0 
9acf9000-9ad00000 ---p 00000000 00:00 0 
9ad00000-9adf9000 rw-p 00000000 00:00 0 
9adf9000-9ae00000 ---p 00000000 00:00 0 
9ae00000-9aef9000 rw-p 00000000 00:00 0 
9aef9000-9af00000 ---p 00000000 00:00 0 
9af00000-9aff9000 rw-p 00000000 00:00 0 
9aff9000-9b000000 ---p 00000000 00:00 0 
9b000000-9b0f9000 rw-p 00000000 00:00 0 
9b0f9000-9b100000 ---p 00000000 00:00 0 
9b100000-9b1f9000 rw-p 00000000 00:00 0 
9b1f9000-9b200000 ---p 00000000 00:00 0 
9b200000-9b2f9000 rw-p 00000000 00:00 0 
9b2f9000-9b300000 ---p 00000000 00:00 0 
9b300000-9b3f9000 rw-p 00000000 00:00 0 
9b3f9000-9b400000 ---p 00000000 00:00 0 
9b400000-9b4f9000 rw-p 00000000 00:00 0 
9b4f9000-9b500000 ---p 00000000 00:00 0 
9b500000-9b5f9000 rw-p 00000000 00:00 0 
9b5f9000-9b600000 ---p 00000000 00:00 0 
9b600000-9b6f9000 rw-p 00000000 00:00 0 
9b6f9000-9b700000 ---p 00000000 00:00 0 
9b700000-9b7f9000 rw-p 00000000 00:00 0 
9b7f9000-9b800000 ---p 00000000 00:00 0 
9b800000-9b8f9000 rw-p 00000000 00:00 0 
9b8f9000-9b900000 ---p 00000000 00:00 0 
9b900000-9b9f9000 rw-p 00000000 00:00 0 
9b9f9000-9ba00000 ---p 00000000 00:00 0 
9ba00000-9baf9000 rw-p 00000000 00:00 0 
9baf9000-9bb00000 ---p 00000000 00:00 0 
9bb00000-9bbf9000 rw-p 00000000 00:00 0 
9bbf9000-9bc00000 ---p 00000000 00:00 0 
9bc00000-9bcf9000 rw-p 00000000 00:00 0 
9bcf9000-9bd00000 ---p 00000000 00:00 0 
9bd00000-9bdf9000 rw-p 00000000 00:00 0 
9bdf9000-9be00000 ---p 00000000 00:00 0 
9be00000-9bef9000 rw-p 00000000 00:00 0 
9bef9000-9bf00000 ---p 00000000 00:00 0 
9bf00000-9bff9000 rw-p 00000000 00:00 0 
9bff9000-9c000000 ---p 00000000 00:00 0 
9c000000-9c0f9000 rw-p 00000000 00:00 0 
9c0f9000-9c100000 ---p 00000000 00:00 0 
9c100000-9c1f9000 rw-p 00000000 00:00 0 
9c1f9000-9c200000 ---p 00000000 00:00 0 
9c200000-9c2f9000 rw-p 00000000 00:00 0 
9c2f9000-9c300000 ---p 00000000 00:00 0 
9c300000-9c3f9000 rw-p 00000000 00:00 0 
9c3f9000-9c400000 ---p 00000000 00:00 0 
9c400000-9c4f9000 rw-p 00000000 00:00 0 
9c4f9000-9c500000 ---p 00000000 00:00 0 
9c500000-9c5f9000 rw-p 00000000 00:00 0 
9c5f9000-9c600000 ---p 00000000 00:00 0 
9c600000-9c6f9000 rw-p 00000000 00:00 0 
9c6f9000-9c700000 ---p 00000000 00:00 0 
9c700000-9c7f9000 rw-p 00000000 00:00 0 
9c7f9000-9c800000 ---p 00000000 00:00 0 
9c800000-9c8f9000 rw-p 00000000 00:00 0 
9c8f9000-9c900000 ---p 00000000 00:00 0 
9c900000-9c9f9000 rw-p 00000000 00:00 0 
9c9f9000-9ca00000 ---p 00000000 00:00 0 
9ca00000-9caf9000 rw-p 00000000 00:00 0 
9caf9000-9cb00000 ---p 00000000 00:00 0 
9cb00000-9cbf9000 rw-p 00000000 00:00 0 
9cbf9000-9cc00000 ---p 00000000 00:00 0 
9cc00000-9ccf9000 rw-p 00000000 00:00 0 
9ccf9000-9cd00000 ---p 00000000 00:00 0 
9cd00000-9cdf9000 rw-p 00000000 00:00 0 
9cdf9000-9ce00000 ---p 00000000 00:00 0 
9ce00000-9cef9000 rw-p 00000000 00:00 0 
9cef9000-9cf00000 ---p 00000000 00:00 0 
9cf00000-9cff9000 rw-p 00000000 00:00 0 
9cff9000-9d000000 ---p 00000000 00:00 0 
9d000000-9d0ea000 rw-p 00000000 00:00 0 
9d0ea000-9d100000 ---p 00000000 00:00 0 
9d100000-9d1fb000 rw-p 00000000 00:00 0 
9d1fb000-9d200000 ---p 00000000 00:00 0 
9d200000-9d2f2000 rw-p 00000000 00:00 0 
9d2f2000-9d300000 ---p 00000000 00:00 0 
9d300000-9d3f1000 rw-p 00000000 00:00 0 
9d3f1000-9d400000 ---p 00000000 00:00 0 
9d400000-9d4fc000 rw-p 00000000 00:00 0 
9d4fc000-9d500000 ---p 00000000 00:00 0 
9d500000-9d5f5000 rw-p 00000000 00:00 0 
9d5f5000-9d600000 ---p 00000000 00:00 0 
9d600000-9d6fa000 rw-p 00000000 00:00 0 
9d6fa000-9d700000 ---p 00000000 00:00 0 
9d700000-9d7fc000 rw-p 00000000 00:00 0 
9d7fc000-9d800000 ---p 00000000 00:00 0 
9d800000-9d8f6000 rw-p 00000000 00:00 0 
9d8f6000-9d900000 ---p 00000000 00:00 0 
9d900000-9d9fb000 rw-p 00000000 00:00 0 
9d9fb000-9da00000 ---p 00000000 00:00 0 
9da00000-9daf8000 rw-p 00000000 00:00 0 
9daf8000-9db00000 ---p 00000000 00:00 0 
9db00000-9dc00000 rw-p 00000000 00:00 0 
9dc00000-9de00000 rw-p 00000000 00:00 0 
9de00000-9dee7000 rw-p 00000000 00:00 0 
9dee7000-9df00000 ---p 00000000 00:00 0 
9e000000-9e0e4000 rw-p 00000000 00:00 0 
9e0e4000-9e100000 ---p 00000000 00:00 0 
9e100000-9e1f0000 rw-p 00000000 00:00 0 
9e1f0000-9e200000 ---p 00000000 00:00 0 
9e200000-9e2f4000 rw-p 00000000 00:00 0 
9e2f4000-9e300000 ---p 00000000 00:00 0 
9e300000-9e3ed000 rw-p 00000000 00:00 0 
9e3ed000-9e400000 ---p 00000000 00:00 0 
9e400000-9e4f7000 rw-p 00000000 00:00 0 
9e4f7000-9e500000 ---p 00000000 00:00 0 
9e500000-9e5ef000 rw-p 00000000 00:00 0 
9e5ef000-9e600000 ---p 00000000 00:00 0 
9e600000-9e800000 rw-p 00000000 00:00 0 
9e800000-9e9dd000 rw-p 00000000 00:00 0 
9e9dd000-9ea00000 ---p 00000000 00:00 0 
9ea00000-9eaf0000 rw-p 00000000 00:00 0 
9eaf0000-9eb00000 ---p 00000000 00:00 0 
9eb00000-9ec00000 rw-p 00000000 00:00 0 
9ec00000-9ece3000 rw-p 00000000 00:00 0 
9ece3000-9ed00000 ---p 00000000 00:00 0 
9ee00000-9eefc000 rw-p 00000000 00:00 0 
9eefc000-9ef00000 ---p 00000000 00:00 0 
9ef00000-9f000000 rw-p 00000000 00:00 0 
9f000000-9f0f3000 rw-p 00000000 00:00 0 
9f0f3000-9f100000 ---p 00000000 00:00 0 
9f100000-9f1fe000 rw-p 00000000 00:00 0 
9f1fe000-9f200000 ---p 00000000 00:00 0 
9f200000-9f2fa000 rw-p 00000000 00:00 0 
9f2fa000-9f300000 ---p 00000000 00:00 0 
9f300000-9f400000 rw-p 00000000 00:00 0 
9f400000-9f5ff000 rw-p 00000000 00:00 0 
9f5ff000-9f600000 ---p 00000000 00:00 0 
9f600000-9f6f6000 rw-p 00000000 00:00 0 
9f6f6000-9f700000 ---p 00000000 00:00 0 
9f700000-9f7fc000 rw-p 00000000 00:00 0 
9f7fc000-9f800000 ---p 00000000 00:00 0 
9f800000-9f8fe000 rw-p 00000000 00:00 0 
9f8fe000-9f900000 ---p 00000000 00:00 0 
9f900000-9fa00000 rw-p 00000000 00:00 0 
9fa00000-9fbfc000 rw-p 00000000 00:00 0 
9fbfc000-9fc00000 ---p 00000000 00:00 0 
9fc00000-9fe00000 rw-p 00000000 00:00 0 
9fe00000-9fefa000 rw-p 00000000 00:00 0 
9fefa000-9ff00000 ---p 00000000 00:00 0 
9ff00000-9ffc1000 rw-p 00000000 00:00 0 
9ffc1000-a0000000 ---p 00000000 00:00 0 
a0000000-a0100000 rw-p 00000000 00:00 0 
a0185000-a018c000 r--s 000fb000 08:01 10355613   /usr/lib/jvm/java-6-openjdk/jre/lib/resources.jar
a018c000-a018d000 r--s 00000000 08:01 6045097    /var/cache/fontconfig/c05880de57d1f5e948fdfacc138775d9-le32d4.cache-3
a018d000-a0193000 r--s 00000000 08:01 6029382    /var/cache/fontconfig/945677eb7aeaf62f1d50efc3fb3ec7d8-le32d4.cache-3
a0193000-a0195000 r--s 00000000 08:01 6044137    /var/cache/fontconfig/99e8ed0e538f840c565b6ed5dad60d56-le32d4.cache-3
a0195000-a0198000 r--s 00000000 08:01 6045028    /var/cache/fontconfig/e383d7ea5fbe662a33d9b44caf393297-le32d4.cache-3
a0198000-a019a000 r--s 00000000 08:01 6045012    /var/cache/fontconfig/2cd17615ca594fa2959ae173292e504c-le32d4.cache-3
a019a000-a019b000 r--s 00000000 08:01 6045011    /var/cache/fontconfig/e7071f4a29fa870f4323321c154eba04-le32d4.cache-3
a019b000-a019e000 r--s 00000000 08:01 6045009    /var/cache/fontconfig/6eb3985aa4124903f6ff08ba781cd364-le32d4.cache-3
a019e000-a019f000 r--s 00000000 08:01 6045006    /var/cache/fontconfig/4c73fe0c47614734b17d736dbde7580a-le32d4.cache-3
a019f000-a01a0000 r--s 00000000 08:01 6045002    /var/cache/fontconfig/0d8c3b2ac0904cb8a57a757ad11a4a08-le32d4.cache-3
a01a0000-a01a1000 r--s 00000000 08:01 6044998    /var/cache/fontconfig/6a53c69dea097a2d716e069445527da8-le32d4.cache-3
a01a1000-a01a5000 r--s 00000000 08:01 6044990    /var/cache/fontconfig/a755afe4a08bf5b97852ceb7400b47bc-le32d4.cache-3
a01a5000-a01ac000 r--s 00000000 08:01 6044987    /var/cache/fontconfig/6d41288fd70b0be22e8c3a91e032eec0-le32d4.cache-3
a01ac000-a01b7000 r--s 00000000 08:01 6044986    /var/cache/fontconfig/0f34bcd4b6ee430af32735b75db7f02b-le32d4.cache-3
a01b7000-a01ba000 r--s 00000000 08:01 6044985    /var/cache/fontconfig/d60319d88cac85ba9e1a07bd06cfbb8c-le32d4.cache-3
a01ba000-a01c2000 r--s 00000000 08:01 6044978    /var/cache/fontconfig/d52a8644073d54c13679302ca1180695-le32d4.cache-3
a01c2000-a01c5000 r--s 00000000 08:01 6030884    /var/cache/fontconfig/7ef2298fde41cc6eeb7af42e48b7d293-le32d4.cache-3
a01c5000-a01c6000 r--s 00000000 08:01 6045097    /var/cache/fontconfig/c05880de57d1f5e948fdfacc138775d9-le32d4.cache-3
a01c6000-a01cc000 r--s 00000000 08:01 6029382    /var/cache/fontconfig/945677eb7aeaf62f1d50efc3fb3ec7d8-le32d4.cache-3
a01cc000-a01ce000 r--s 00000000 08:01 6044137    /var/cache/fontconfig/99e8ed0e538f840c565b6ed5dad60d56-le32d4.cache-3
a01ce000-a01d1000 r--s 00000000 08:01 6045028    /var/cache/fontconfig/e383d7ea5fbe662a33d9b44caf393297-le32d4.cache-3
a01d1000-a01d3000 r--s 00000000 08:01 6045012    /var/cache/fontconfig/2cd17615ca594fa2959ae173292e504c-le32d4.cache-3
a01d3000-a01d4000 r--s 00000000 08:01 6045011    /var/cache/fontconfig/e7071f4a29fa870f4323321c154eba04-le32d4.cache-3
a01d4000-a01d7000 r--s 00000000 08:01 6045009    /var/cache/fontconfig/6eb3985aa4124903f6ff08ba781cd364-le32d4.cache-3
a01d7000-a01d8000 r--s 00000000 08:01 6045006    /var/cache/fontconfig/4c73fe0c47614734b17d736dbde7580a-le32d4.cache-3
a01d8000-a01d9000 r--s 00000000 08:01 6045002    /var/cache/fontconfig/0d8c3b2ac0904cb8a57a757ad11a4a08-le32d4.cache-3
a01d9000-a01da000 r--s 00000000 08:01 6044998    /var/cache/fontconfig/6a53c69dea097a2d716e069445527da8-le32d4.cache-3
a01da000-a01de000 r--s 00000000 08:01 6044990    /var/cache/fontconfig/a755afe4a08bf5b97852ceb7400b47bc-le32d4.cache-3
a01de000-a01e5000 r--s 00000000 08:01 6044987    /var/cache/fontconfig/6d41288fd70b0be22e8c3a91e032eec0-le32d4.cache-3
a01e5000-a01f0000 r--s 00000000 08:01 6044986    /var/cache/fontconfig/0f34bcd4b6ee430af32735b75db7f02b-le32d4.cache-3
a01f0000-a01f3000 r--s 00000000 08:01 6044985    /var/cache/fontconfig/d60319d88cac85ba9e1a07bd06cfbb8c-le32d4.cache-3
a01f3000-a01f4000 r--s 00000000 08:01 6044983    /var/cache/fontconfig/4794a0821666d79190d59a36cb4f44b5-le32d4.cache-3
a01f4000-a01fc000 r--s 00000000 08:01 6044978    /var/cache/fontconfig/d52a8644073d54c13679302ca1180695-le32d4.cache-3
a01fc000-a01fe000 r--s 00000000 08:01 6035668    /var/cache/fontconfig/e13b20fdb08344e0e664864cc2ede53d-le32d4.cache-3
a01fe000-a0201000 r--s 00000000 08:01 6030884    /var/cache/fontconfig/7ef2298fde41cc6eeb7af42e48b7d293-le32d4.cache-3
a0201000-a0204000 ---p 00000000 00:00 0 
a0204000-a0252000 rw-p 00000000 00:00 0 
a0252000-a0254000 r--s 00001000 08:01 10355584   /usr/lib/jvm/java-6-openjdk/jre/lib/ext/dnsns.jar
a0254000-a0257000 r--s 00031000 08:01 10355586   /usr/lib/jvm/java-6-openjdk/jre/lib/ext/sunjce_provider.jar
a0257000-a025a000 r--s 00077000 08:01 10355585   /usr/lib/jvm/java-6-openjdk/jre/lib/ext/localedata.jar
a025a000-a025e000 r--s 00038000 08:01 10355583   /usr/lib/jvm/java-6-openjdk/jre/lib/ext/sunpkcs11.jar
a025e000-a0261000 ---p 00000000 00:00 0 
a0261000-a02af000 rw-p 00000000 00:00 0 
a02af000-a02b2000 ---p 00000000 00:00 0 
a02b2000-a0300000 rw-p 00000000 00:00 0 
a0300000-a03f7000 rw-p 00000000 00:00 0 
a03f7000-a0400000 ---p 00000000 00:00 0 
a0401000-a0402000 r--s 00000000 08:01 6044983    /var/cache/fontconfig/4794a0821666d79190d59a36cb4f44b5-le32d4.cache-3
a0402000-a0406000 r--s 00036000 08:01 15741440   /home/brettc/.gradle/cache/gwm/gwm/jars/gwm-1.0.jar
a0406000-a0409000 ---p 00000000 00:00 0 
a0409000-a0484000 rw-p 00000000 00:00 0 
a0484000-a05ee000 r--s 01913000 08:01 16129492   /home/brettc/.gradle/cache/com.google.gwt/gwt-dev/jars/gwt-dev-2.1.1.jar
a05ee000-a0690000 r--s 006f7000 08:01 16129490   /home/brettc/.gradle/cache/com.google.gwt/gwt-user/jars/gwt-user-2.1.1.jar
a0690000-a0698000 r--s 00066000 08:01 9846491    /usr/share/java/gnome-java-bridge.jar
a0698000-a0699000 ---p 00000000 00:00 0 
a0699000-a0719000 rw-p 00000000 00:00 0 
a0719000-a071c000 ---p 00000000 00:00 0 
a071c000-a076a000 rw-p 00000000 00:00 0 
a076a000-a076d000 ---p 00000000 00:00 0 
a076d000-a07eb000 rw-p 00000000 00:00 0 
a07eb000-a07ee000 ---p 00000000 00:00 0 
a07ee000-a086c000 rw-p 00000000 00:00 0 
a086c000-a086f000 ---p 00000000 00:00 0 
a086f000-a08bd000 rw-p 00000000 00:00 0 
a08bd000-a0abd000 r--p 00000000 08:01 9699353    /usr/lib/locale/locale-archive
a0abd000-a0ac0000 ---p 00000000 00:00 0 
a0ac0000-a0b0e000 rw-p 00000000 00:00 0 
a0b0e000-a0b11000 ---p 00000000 00:00 0 
a0b11000-a0b5f000 rw-p 00000000 00:00 0 
a0b5f000-a0b60000 ---p 00000000 00:00 0 
a0b60000-a0c13000 rw-p 00000000 00:00 0 
a0c13000-a0da3000 r--s 037af000 08:01 10354954   /usr/lib/jvm/java-6-openjdk/jre/lib/rt.jar
a0da3000-a0da4000 ---p 00000000 00:00 0 
a0da4000-a0e24000 rw-p 00000000 00:00 0 
a0e24000-a0e25000 ---p 00000000 00:00 0 
a0e25000-a0eb3000 rw-p 00000000 00:00 0 
a0eb3000-a0ee5000 rw-p 00000000 00:00 0 
a0ee5000-a0f0b000 rw-p 00000000 00:00 0 
a0f0b000-a0f0c000 ---p 00000000 00:00 0 
a0f0c000-a0f23000 rw-p 00000000 00:00 0 
a0f23000-a0f31000 rw-p 00000000 00:00 0 
a0f31000-a0f63000 rw-p 00000000 00:00 0 
a0f63000-a0f89000 rw-p 00000000 00:00 0 
a0f89000-a0f8a000 ---p 00000000 00:00 0 
a0f8a000-a0fa0000 rw-p 00000000 00:00 0 
a0fa0000-a0fbf000 rw-p 00000000 00:00 0 
a0fbf000-a2a80000 rw-p 00000000 00:00 0 
a2a80000-a8fc0000 rw-p 00000000 00:00 0 
a8fc0000-ada30000 rw-p 00000000 00:00 0 
ada30000-adcb0000 ---p 00000000 00:00 0 
adcb0000-b0a70000 rw-p 00000000 00:00 0 
b0a70000-b4770000 rw-p 00000000 00:00 0 
b4770000-b47c0000 ---p 00000000 00:00 0 
b47c0000-b47da000 rw-p 00000000 00:00 0 
b47da000-b4880000 rw-p 00000000 00:00 0 
b4880000-b4ed0000 rwxp 00000000 00:00 0 
b4ed0000-b7880000 rw-p 00000000 00:00 0 
b7880000-b7883000 ---p 00000000 00:00 0 
b7883000-b78d4000 rw-p 00000000 00:00 0 
b78d4000-b78d6000 r--s 00000000 08:01 6035668    /var/cache/fontconfig/e13b20fdb08344e0e664864cc2ede53d-le32d4.cache-3
b78d6000-b78da000 r--s 0007c000 08:01 10355602   /usr/lib/jvm/java-6-openjdk/jre/lib/jsse.jar
b78da000-b78dd000 r--s 0000f000 08:01 10355588   /usr/lib/jvm/java-6-openjdk/jre/lib/ext/pulse-java.jar
b78dd000-b78de000 r--p 002a2000 08:01 9699353    /usr/lib/locale/locale-archive
b78de000-b78e6000 rw-s 00000000 08:01 12325570   /tmp/hsperfdata_brettc/6032
b78e6000-b78e7000 rw-p 00000000 00:00 0 
b78e7000-b78e8000 r--p 00000000 00:00 0 
b78e8000-b78ea000 rw-p 00000000 00:00 0 
bfe60000-bfe81000 rw-p 00000000 00:00 0          [stack]

VM Arguments:
jvm_args: -Xmx184M 
java_command: com.google.gwt.dev.Compiler -war /home/brettc/Documents/external/github/dipforge.git2/web/CoadunationDesktop/build/out -logLevel INFO -style PRETTY com.rift.coad.desktop.Main
Launcher Type: SUN_STANDARD

Environment Variables:
JAVA_HOME=/usr/lib/jvm/java-6-openjdk
PATH=/usr/local/sbin:/usr/local/bin:/usr/sbin:/usr/bin:/sbin:/bin:/usr/games
USERNAME=brettc
LD_LIBRARY_PATH=/usr/lib/jvm/java-6-openjdk/jre/lib/i386/server:/usr/lib/jvm/java-6-openjdk/jre/lib/i386:/usr/lib/jvm/java-6-openjdk/jre/../lib/i386
SHELL=/bin/bash
DISPLAY=:0

Signal Handlers:
SIGSEGV: [libjvm.so+0x656ec0], sa_mask[0]=0x7ffbfeff, sa_flags=0x10000004
SIGBUS: [libjvm.so+0x656ec0], sa_mask[0]=0x7ffbfeff, sa_flags=0x10000004
SIGFPE: [libjvm.so+0x51d3e0], sa_mask[0]=0x7ffbfeff, sa_flags=0x10000004
SIGPIPE: [libjvm.so+0x51d3e0], sa_mask[0]=0x7ffbfeff, sa_flags=0x10000004
SIGXFSZ: [libjvm.so+0x51d3e0], sa_mask[0]=0x7ffbfeff, sa_flags=0x10000004
SIGILL: [libjvm.so+0x51d3e0], sa_mask[0]=0x7ffbfeff, sa_flags=0x10000004
SIGUSR1: SIG_DFL, sa_mask[0]=0x00000000, sa_flags=0x00000000
SIGUSR2: [libjvm.so+0x51d250], sa_mask[0]=0x00000004, sa_flags=0x10000004
SIGHUP: [libjvm.so+0x520040], sa_mask[0]=0x7ffbfeff, sa_flags=0x10000004
SIGINT: [libjvm.so+0x520040], sa_mask[0]=0x7ffbfeff, sa_flags=0x10000004
SIGTERM: [libjvm.so+0x520040], sa_mask[0]=0x7ffbfeff, sa_flags=0x10000004
SIGQUIT: [libjvm.so+0x520040], sa_mask[0]=0x7ffbfeff, sa_flags=0x10000004


---------------  S Y S T E M  ---------------

OS:Ubuntu 11.04 (natty)
uname:Linux 2.6.38-9-generic #43-Ubuntu SMP Thu Apr 28 15:25:15 UTC 2011 i686
libc:glibc 2.13 NPTL 2.13 
rlimit: STACK 8192k, CORE 0k, NPROC infinity, NOFILE 4096, AS infinity
load average:2.50 1.70 1.34

/proc/meminfo:
MemTotal:        3023416 kB
MemFree:          321756 kB
Buffers:           98388 kB
Cached:           553116 kB
SwapCached:            8 kB
Active:          1777900 kB
Inactive:         761616 kB
Active(anon):    1506928 kB
Inactive(anon):   514140 kB
Active(file):     270972 kB
Inactive(file):   247476 kB
Unevictable:          80 kB
Mlocked:              80 kB
HighTotal:       2163360 kB
HighFree:           2720 kB
LowTotal:         860056 kB
LowFree:          319036 kB
SwapTotal:       8858620 kB
SwapFree:        8858480 kB
Dirty:              8528 kB
Writeback:             0 kB
AnonPages:       1888136 kB
Mapped:            94256 kB
Shmem:            133056 kB
Slab:             103564 kB
SReclaimable:      83404 kB
SUnreclaim:        20160 kB
KernelStack:        4648 kB
PageTables:        12316 kB
NFS_Unstable:          0 kB
Bounce:                0 kB
WritebackTmp:          0 kB
CommitLimit:    10370328 kB
Committed_AS:    6005936 kB
VmallocTotal:     122880 kB
VmallocUsed:       42020 kB
VmallocChunk:      48824 kB
HardwareCorrupted:     0 kB
HugePages_Total:       0
HugePages_Free:        0
HugePages_Rsvd:        0
HugePages_Surp:        0
Hugepagesize:       4096 kB
DirectMap4k:       16376 kB
DirectMap4M:      892928 kB


CPU:total 2 (2 cores per cpu, 1 threads per core) family 6 model 23 stepping 10, cmov, cx8, fxsr, mmx, sse, sse2, sse3, ssse3, sse4.1

Memory: 4k page, physical 3023416k(321756k free), swap 8858620k(8858480k free)

vm_info: OpenJDK Server VM (20.0-b11) for linux-x86 JRE (1.6.0_22-b22), built on Apr  5 2011 14:11:46 by "buildd" with gcc 4.5.2

time: Tue May 10 05:32:46 2011
elapsed time: 32 seconds

